[2019/09/12 13:52:43.202] - Starting server (version 2.1.0) with initial configuration: {"gasLimit":80102030,"gasPrice":2000000000000,"hardfork":"petersburg","db_path":"C:\\Users\\a760290\\AppData\\Roaming\\Ganache\\workspaces\\unequaled-stomach\\chaindata","default_balance_ether":500,"hostname":"127.0.0.1","locked":false,"network_id":5777,"port":7545,"total_accounts":5,"unlocked_accounts":[],"verbose":true,"vmErrorsOnRPCResponse":true,"logDirectory":"C:\\Spring5\\DappVotacion"}
[2019/09/12 13:52:43.482] - eth_subscribe
[2019/09/12 13:52:43.485] -    > {
   >   "jsonrpc": "2.0",
   >   "id": 6,
   >   "method": "eth_subscribe",
   >   "params": [
   >     "newHeads"
   >   ]
   > }
[2019/09/12 13:52:43.486] - eth_getLogs
[2019/09/12 13:52:43.490] -    > {
   >   "jsonrpc": "2.0",
   >   "id": 7,
   >   "method": "eth_getLogs",
   >   "params": [
   >     {
   >       "topics": []
   >     }
   >   ]
   > }
[2019/09/12 13:52:43.494] - eth_subscribe
[2019/09/12 13:52:43.497] -    > {
   >   "jsonrpc": "2.0",
   >   "id": 8,
   >   "method": "eth_subscribe",
   >   "params": [
   >     "logs",
   >     {
   >       "topics": []
   >     }
   >   ]
   > }
[2019/09/12 13:52:43.499] -  <   {
 <     "id": 6,
 <     "jsonrpc": "2.0",
 <     "result": "0x1"
 <   }
[2019/09/12 13:52:43.501] -  <   {
 <     "id": 7,
 <     "jsonrpc": "2.0",
 <     "result": []
 <   }
[2019/09/12 13:52:43.513] -  <   {
 <     "id": 8,
 <     "jsonrpc": "2.0",
 <     "result": "0x2"
 <   }
[2019/09/12 13:52:43.594] - eth_blockNumber
[2019/09/12 13:52:43.598] -    > {
   >   "jsonrpc": "2.0",
   >   "id": 47,
   >   "method": "eth_blockNumber",
   >   "params": [],
   >   "internal": true
   > }
[2019/09/12 13:52:43.600] - eth_accounts
[2019/09/12 13:52:43.603] -    > {
   >   "jsonrpc": "2.0",
   >   "id": 48,
   >   "method": "eth_accounts",
   >   "params": [],
   >   "internal": true
   > }
[2019/09/12 13:52:43.606] - eth_gasPrice
[2019/09/12 13:52:43.609] -    > {
   >   "jsonrpc": "2.0",
   >   "id": 49,
   >   "method": "eth_gasPrice",
   >   "params": [],
   >   "internal": true
   > }
[2019/09/12 13:52:43.611] -  <   {
 <     "id": 47,
 <     "jsonrpc": "2.0",
 <     "result": "0x0"
 <   }
[2019/09/12 13:52:43.614] - eth_getBlockByNumber
[2019/09/12 13:52:43.616] -    > {
   >   "jsonrpc": "2.0",
   >   "id": 50,
   >   "method": "eth_getBlockByNumber",
   >   "params": [
   >     "latest",
   >     false
   >   ],
   >   "internal": true
   > }
[2019/09/12 13:52:43.620] -  <   {
 <     "id": 48,
 <     "jsonrpc": "2.0",
 <     "result": [
 <       "0xc4ce6e938839c59daeb95df1e15af99ba07d9bdc",
 <       "0x106ec10e1fd7c94894469911fc23765f9d650e11",
 <       "0xa87b9b218d6a4987efe5aae653b7af760e71fae7",
 <       "0x3ad481902e4fb72fd1c022092e055e57e6afd67c",
 <       "0x8c6b92e1569dc10e4e7bd9028dfff5bc1417def0"
 <     ]
 <   }
[2019/09/12 13:52:43.624] -  <   {
 <     "id": 49,
 <     "jsonrpc": "2.0",
 <     "result": "0x1d1a94a2000"
 <   }
[2019/09/12 13:52:43.627] - eth_subscribe
[2019/09/12 13:52:43.629] -    > {
   >   "jsonrpc": "2.0",
   >   "id": 51,
   >   "method": "eth_subscribe",
   >   "params": [
   >     "newHeads"
   >   ],
   >   "internal": true
   > }
[2019/09/12 13:52:43.635] -  <   {
 <     "id": 50,
 <     "jsonrpc": "2.0",
 <     "result": {
 <       "number": "0x0",
 <       "hash": "0x8bf7f1fc42b9107097852ffb1d7aa0792477b2a91b16b986bc5bb4278aac2326",
 <       "parentHash": "0x0000000000000000000000000000000000000000000000000000000000000000",
 <       "mixHash": "0x0000000000000000000000000000000000000000000000000000000000000000",
 <       "nonce": "0x0000000000000000",
 <       "sha3Uncles": "0x1dcc4de8dec75d7aab85b567b6ccd41ad312451b948a7413f0a142fd40d49347",
 <       "logsBloom": "0x00000000000000000000000000000000000000000000000000000000000000000000000000000000000000000000000000000000000000000000000000000000000000000000000000000000000000000000000000000000000000000000000000000000000000000000000000000000000000000000000000000000000000000000000000000000000000000000000000000000000000000000000000000000000000000000000000000000000000000000000000000000000000000000000000000000000000000000000000000000000000000000000000000000000000000000000000000000000000000000000000000000000000000000000000000000",
 <       "transactionsRoot": "0x56e81f171bcc55a6ff8345e692c0f86e5b48e01b996cadc001622fb5e363b421",
 <       "stateRoot": "0x1aada73d2d6d0a8e8aa9f048b4e46b21cc41734a07584ca811605b7a96b412de",
 <       "receiptsRoot": "0x56e81f171bcc55a6ff8345e692c0f86e5b48e01b996cadc001622fb5e363b421",
 <       "miner": "0x0000000000000000000000000000000000000000",
 <       "difficulty": "0x0",
 <       "totalDifficulty": "0x0",
 <       "extraData": "0x",
 <       "size": "0x3e8",
 <       "gasLimit": "0x4c6428e",
 <       "gasUsed": "0x0",
 <       "timestamp": "0x5d7a3f9b",
 <       "transactions": [],
 <       "uncles": []
 <     }
 <   }
[2019/09/12 13:52:43.640] -  <   {
 <     "id": 51,
 <     "jsonrpc": "2.0",
 <     "result": "0x3"
 <   }
[2019/09/12 13:52:43.645] - eth_accounts
[2019/09/12 13:52:43.649] -    > {
   >   "jsonrpc": "2.0",
   >   "id": 52,
   >   "method": "eth_accounts",
   >   "params": [],
   >   "internal": true
   > }
[2019/09/12 13:52:43.653] -  <   {
 <     "id": 52,
 <     "jsonrpc": "2.0",
 <     "result": [
 <       "0xc4ce6e938839c59daeb95df1e15af99ba07d9bdc",
 <       "0x106ec10e1fd7c94894469911fc23765f9d650e11",
 <       "0xa87b9b218d6a4987efe5aae653b7af760e71fae7",
 <       "0x3ad481902e4fb72fd1c022092e055e57e6afd67c",
 <       "0x8c6b92e1569dc10e4e7bd9028dfff5bc1417def0"
 <     ]
 <   }
[2019/09/12 13:52:43.683] - eth_getBalance
[2019/09/12 13:52:43.685] -    > {
   >   "jsonrpc": "2.0",
   >   "id": 53,
   >   "method": "eth_getBalance",
   >   "params": [
   >     "0xc4ce6e938839c59daeb95df1e15af99ba07d9bdc",
   >     "latest"
   >   ],
   >   "internal": true
   > }
[2019/09/12 13:52:43.689] -  <   {
 <     "id": 53,
 <     "jsonrpc": "2.0",
 <     "result": "0x1b1ae4d6e2ef500000"
 <   }
[2019/09/12 13:52:43.693] - eth_getTransactionCount
[2019/09/12 13:52:43.694] -    > {
   >   "jsonrpc": "2.0",
   >   "id": 54,
   >   "method": "eth_getTransactionCount",
   >   "params": [
   >     "0xc4ce6e938839c59daeb95df1e15af99ba07d9bdc",
   >     "latest"
   >   ],
   >   "internal": true
   > }
[2019/09/12 13:52:43.698] - eth_getBalance
[2019/09/12 13:52:43.701] -    > {
   >   "jsonrpc": "2.0",
   >   "id": 55,
   >   "method": "eth_getBalance",
   >   "params": [
   >     "0x106ec10e1fd7c94894469911fc23765f9d650e11",
   >     "latest"
   >   ],
   >   "internal": true
   > }
[2019/09/12 13:52:43.704] - eth_getTransactionCount
[2019/09/12 13:52:43.706] -    > {
   >   "jsonrpc": "2.0",
   >   "id": 56,
   >   "method": "eth_getTransactionCount",
   >   "params": [
   >     "0x106ec10e1fd7c94894469911fc23765f9d650e11",
   >     "latest"
   >   ],
   >   "internal": true
   > }
[2019/09/12 13:52:43.709] -  <   {
 <     "id": 54,
 <     "jsonrpc": "2.0",
 <     "result": "0x0"
 <   }
[2019/09/12 13:52:43.713] - eth_getBalance
[2019/09/12 13:52:43.716] -    > {
   >   "jsonrpc": "2.0",
   >   "id": 57,
   >   "method": "eth_getBalance",
   >   "params": [
   >     "0xa87b9b218d6a4987efe5aae653b7af760e71fae7",
   >     "latest"
   >   ],
   >   "internal": true
   > }
[2019/09/12 13:52:43.723] -  <   {
 <     "id": 55,
 <     "jsonrpc": "2.0",
 <     "result": "0x1b1ae4d6e2ef500000"
 <   }
[2019/09/12 13:52:43.729] -  <   {
 <     "id": 56,
 <     "jsonrpc": "2.0",
 <     "result": "0x0"
 <   }
[2019/09/12 13:52:43.737] -  <   {
 <     "id": 57,
 <     "jsonrpc": "2.0",
 <     "result": "0x1b1ae4d6e2ef500000"
 <   }
[2019/09/12 13:52:43.743] - eth_getTransactionCount
[2019/09/12 13:52:43.746] -    > {
   >   "jsonrpc": "2.0",
   >   "id": 58,
   >   "method": "eth_getTransactionCount",
   >   "params": [
   >     "0xa87b9b218d6a4987efe5aae653b7af760e71fae7",
   >     "latest"
   >   ],
   >   "internal": true
   > }
[2019/09/12 13:52:43.746] - eth_getBalance
[2019/09/12 13:52:43.750] -    > {
   >   "jsonrpc": "2.0",
   >   "id": 59,
   >   "method": "eth_getBalance",
   >   "params": [
   >     "0x3ad481902e4fb72fd1c022092e055e57e6afd67c",
   >     "latest"
   >   ],
   >   "internal": true
   > }
[2019/09/12 13:52:43.754] -  <   {
 <     "id": 58,
 <     "jsonrpc": "2.0",
 <     "result": "0x0"
 <   }
[2019/09/12 13:52:43.766] -  <   {
 <     "id": 59,
 <     "jsonrpc": "2.0",
 <     "result": "0x1b1ae4d6e2ef500000"
 <   }
[2019/09/12 13:52:43.783] - eth_getTransactionCount
[2019/09/12 13:52:43.787] -    > {
   >   "jsonrpc": "2.0",
   >   "id": 60,
   >   "method": "eth_getTransactionCount",
   >   "params": [
   >     "0x3ad481902e4fb72fd1c022092e055e57e6afd67c",
   >     "latest"
   >   ],
   >   "internal": true
   > }
[2019/09/12 13:52:43.791] - eth_getBalance
[2019/09/12 13:52:43.793] -    > {
   >   "jsonrpc": "2.0",
   >   "id": 61,
   >   "method": "eth_getBalance",
   >   "params": [
   >     "0x8c6b92e1569dc10e4e7bd9028dfff5bc1417def0",
   >     "latest"
   >   ],
   >   "internal": true
   > }
[2019/09/12 13:52:43.794] -  <   {
 <     "id": 60,
 <     "jsonrpc": "2.0",
 <     "result": "0x0"
 <   }
[2019/09/12 13:52:43.800] - eth_getTransactionCount
[2019/09/12 13:52:43.801] -    > {
   >   "jsonrpc": "2.0",
   >   "id": 62,
   >   "method": "eth_getTransactionCount",
   >   "params": [
   >     "0x8c6b92e1569dc10e4e7bd9028dfff5bc1417def0",
   >     "latest"
   >   ],
   >   "internal": true
   > }
[2019/09/12 13:52:43.835] -  <   {
 <     "id": 61,
 <     "jsonrpc": "2.0",
 <     "result": "0x1b1ae4d6e2ef500000"
 <   }
[2019/09/12 13:52:43.841] -  <   {
 <     "id": 62,
 <     "jsonrpc": "2.0",
 <     "result": "0x0"
 <   }
[2019/09/12 13:52:43.846] - eth_getBalance
[2019/09/12 13:52:43.850] -    > {
   >   "jsonrpc": "2.0",
   >   "id": 63,
   >   "method": "eth_getBalance",
   >   "params": [
   >     "0xc4ce6e938839c59daeb95df1e15af99ba07d9bdc",
   >     "latest"
   >   ],
   >   "internal": true
   > }
[2019/09/12 13:52:43.856] -  <   {
 <     "id": 63,
 <     "jsonrpc": "2.0",
 <     "result": "0x1b1ae4d6e2ef500000"
 <   }
[2019/09/12 13:52:43.859] - eth_getTransactionCount
[2019/09/12 13:52:43.861] -    > {
   >   "jsonrpc": "2.0",
   >   "id": 64,
   >   "method": "eth_getTransactionCount",
   >   "params": [
   >     "0xc4ce6e938839c59daeb95df1e15af99ba07d9bdc",
   >     "latest"
   >   ],
   >   "internal": true
   > }
[2019/09/12 13:52:43.864] - eth_getBalance
[2019/09/12 13:52:43.866] -    > {
   >   "jsonrpc": "2.0",
   >   "id": 65,
   >   "method": "eth_getBalance",
   >   "params": [
   >     "0x106ec10e1fd7c94894469911fc23765f9d650e11",
   >     "latest"
   >   ],
   >   "internal": true
   > }
[2019/09/12 13:52:43.867] -  <   {
 <     "id": 64,
 <     "jsonrpc": "2.0",
 <     "result": "0x0"
 <   }
[2019/09/12 13:52:43.873] - eth_getTransactionCount
[2019/09/12 13:52:43.874] -    > {
   >   "jsonrpc": "2.0",
   >   "id": 66,
   >   "method": "eth_getTransactionCount",
   >   "params": [
   >     "0x106ec10e1fd7c94894469911fc23765f9d650e11",
   >     "latest"
   >   ],
   >   "internal": true
   > }
[2019/09/12 13:52:43.878] - eth_getBalance
[2019/09/12 13:52:43.880] -    > {
   >   "jsonrpc": "2.0",
   >   "id": 67,
   >   "method": "eth_getBalance",
   >   "params": [
   >     "0xa87b9b218d6a4987efe5aae653b7af760e71fae7",
   >     "latest"
   >   ],
   >   "internal": true
   > }
[2019/09/12 13:52:43.893] -  <   {
 <     "id": 65,
 <     "jsonrpc": "2.0",
 <     "result": "0x1b1ae4d6e2ef500000"
 <   }
[2019/09/12 13:52:43.897] - eth_getTransactionCount
[2019/09/12 13:52:43.897] -    > {
   >   "jsonrpc": "2.0",
   >   "id": 68,
   >   "method": "eth_getTransactionCount",
   >   "params": [
   >     "0xa87b9b218d6a4987efe5aae653b7af760e71fae7",
   >     "latest"
   >   ],
   >   "internal": true
   > }
[2019/09/12 13:52:43.903] - eth_getBalance
[2019/09/12 13:52:43.906] -    > {
   >   "jsonrpc": "2.0",
   >   "id": 69,
   >   "method": "eth_getBalance",
   >   "params": [
   >     "0x3ad481902e4fb72fd1c022092e055e57e6afd67c",
   >     "latest"
   >   ],
   >   "internal": true
   > }
[2019/09/12 13:52:43.909] - eth_getTransactionCount
[2019/09/12 13:52:43.910] -    > {
   >   "jsonrpc": "2.0",
   >   "id": 70,
   >   "method": "eth_getTransactionCount",
   >   "params": [
   >     "0x3ad481902e4fb72fd1c022092e055e57e6afd67c",
   >     "latest"
   >   ],
   >   "internal": true
   > }
[2019/09/12 13:52:43.915] -  <   {
 <     "id": 66,
 <     "jsonrpc": "2.0",
 <     "result": "0x0"
 <   }
[2019/09/12 13:52:43.915] - eth_getBalance
[2019/09/12 13:52:43.920] -    > {
   >   "jsonrpc": "2.0",
   >   "id": 71,
   >   "method": "eth_getBalance",
   >   "params": [
   >     "0x8c6b92e1569dc10e4e7bd9028dfff5bc1417def0",
   >     "latest"
   >   ],
   >   "internal": true
   > }
[2019/09/12 13:52:43.922] - eth_getTransactionCount
[2019/09/12 13:52:43.922] -    > {
   >   "jsonrpc": "2.0",
   >   "id": 72,
   >   "method": "eth_getTransactionCount",
   >   "params": [
   >     "0x8c6b92e1569dc10e4e7bd9028dfff5bc1417def0",
   >     "latest"
   >   ],
   >   "internal": true
   > }
[2019/09/12 13:52:43.936] -  <   {
 <     "id": 67,
 <     "jsonrpc": "2.0",
 <     "result": "0x1b1ae4d6e2ef500000"
 <   }
[2019/09/12 13:52:43.940] -  <   {
 <     "id": 68,
 <     "jsonrpc": "2.0",
 <     "result": "0x0"
 <   }
[2019/09/12 13:52:43.948] -  <   {
 <     "id": 69,
 <     "jsonrpc": "2.0",
 <     "result": "0x1b1ae4d6e2ef500000"
 <   }
[2019/09/12 13:52:43.959] -  <   {
 <     "id": 70,
 <     "jsonrpc": "2.0",
 <     "result": "0x0"
 <   }
[2019/09/12 13:52:43.966] -  <   {
 <     "id": 71,
 <     "jsonrpc": "2.0",
 <     "result": "0x1b1ae4d6e2ef500000"
 <   }
[2019/09/12 13:52:43.976] -  <   {
 <     "id": 72,
 <     "jsonrpc": "2.0",
 <     "result": "0x0"
 <   }
[2019/09/12 13:53:01.085] - eth_getBlockByNumber
[2019/09/12 13:53:01.088] -    > {
   >   "jsonrpc": "2.0",
   >   "id": 73,
   >   "method": "eth_getBlockByNumber",
   >   "params": [
   >     "0x0",
   >     true
   >   ],
   >   "internal": true
   > }
[2019/09/12 13:53:01.097] -  <   {
 <     "id": 73,
 <     "jsonrpc": "2.0",
 <     "result": {
 <       "number": "0x0",
 <       "hash": "0x8bf7f1fc42b9107097852ffb1d7aa0792477b2a91b16b986bc5bb4278aac2326",
 <       "parentHash": "0x0000000000000000000000000000000000000000000000000000000000000000",
 <       "mixHash": "0x0000000000000000000000000000000000000000000000000000000000000000",
 <       "nonce": "0x0000000000000000",
 <       "sha3Uncles": "0x1dcc4de8dec75d7aab85b567b6ccd41ad312451b948a7413f0a142fd40d49347",
 <       "logsBloom": "0x00000000000000000000000000000000000000000000000000000000000000000000000000000000000000000000000000000000000000000000000000000000000000000000000000000000000000000000000000000000000000000000000000000000000000000000000000000000000000000000000000000000000000000000000000000000000000000000000000000000000000000000000000000000000000000000000000000000000000000000000000000000000000000000000000000000000000000000000000000000000000000000000000000000000000000000000000000000000000000000000000000000000000000000000000000000",
 <       "transactionsRoot": "0x56e81f171bcc55a6ff8345e692c0f86e5b48e01b996cadc001622fb5e363b421",
 <       "stateRoot": "0x1aada73d2d6d0a8e8aa9f048b4e46b21cc41734a07584ca811605b7a96b412de",
 <       "receiptsRoot": "0x56e81f171bcc55a6ff8345e692c0f86e5b48e01b996cadc001622fb5e363b421",
 <       "miner": "0x0000000000000000000000000000000000000000",
 <       "difficulty": "0x0",
 <       "totalDifficulty": "0x0",
 <       "extraData": "0x",
 <       "size": "0x3e8",
 <       "gasLimit": "0x4c6428e",
 <       "gasUsed": "0x0",
 <       "timestamp": "0x5d7a3f9b",
 <       "transactions": [],
 <       "uncles": []
 <     }
 <   }
[2019/09/12 13:53:01.955] - eth_getBlockByNumber
[2019/09/12 13:53:01.958] -    > {
   >   "jsonrpc": "2.0",
   >   "id": 74,
   >   "method": "eth_getBlockByNumber",
   >   "params": [
   >     "0x0",
   >     false
   >   ],
   >   "internal": true
   > }
[2019/09/12 13:53:01.964] -  <   {
 <     "id": 74,
 <     "jsonrpc": "2.0",
 <     "result": {
 <       "number": "0x0",
 <       "hash": "0x8bf7f1fc42b9107097852ffb1d7aa0792477b2a91b16b986bc5bb4278aac2326",
 <       "parentHash": "0x0000000000000000000000000000000000000000000000000000000000000000",
 <       "mixHash": "0x0000000000000000000000000000000000000000000000000000000000000000",
 <       "nonce": "0x0000000000000000",
 <       "sha3Uncles": "0x1dcc4de8dec75d7aab85b567b6ccd41ad312451b948a7413f0a142fd40d49347",
 <       "logsBloom": "0x00000000000000000000000000000000000000000000000000000000000000000000000000000000000000000000000000000000000000000000000000000000000000000000000000000000000000000000000000000000000000000000000000000000000000000000000000000000000000000000000000000000000000000000000000000000000000000000000000000000000000000000000000000000000000000000000000000000000000000000000000000000000000000000000000000000000000000000000000000000000000000000000000000000000000000000000000000000000000000000000000000000000000000000000000000000",
 <       "transactionsRoot": "0x56e81f171bcc55a6ff8345e692c0f86e5b48e01b996cadc001622fb5e363b421",
 <       "stateRoot": "0x1aada73d2d6d0a8e8aa9f048b4e46b21cc41734a07584ca811605b7a96b412de",
 <       "receiptsRoot": "0x56e81f171bcc55a6ff8345e692c0f86e5b48e01b996cadc001622fb5e363b421",
 <       "miner": "0x0000000000000000000000000000000000000000",
 <       "difficulty": "0x0",
 <       "totalDifficulty": "0x0",
 <       "extraData": "0x",
 <       "size": "0x3e8",
 <       "gasLimit": "0x4c6428e",
 <       "gasUsed": "0x0",
 <       "timestamp": "0x5d7a3f9b",
 <       "transactions": [],
 <       "uncles": []
 <     }
 <   }
[2019/09/12 13:53:01.977] - eth_getBlockTransactionCountByNumber
[2019/09/12 13:53:01.980] -    > {
   >   "jsonrpc": "2.0",
   >   "id": 75,
   >   "method": "eth_getBlockTransactionCountByNumber",
   >   "params": [
   >     "0x0"
   >   ],
   >   "internal": true
   > }
[2019/09/12 13:53:01.986] -  <   {
 <     "id": 75,
 <     "jsonrpc": "2.0",
 <     "result": "0x0"
 <   }
[2019/09/12 14:01:13.334] - eth_unsubscribe
[2019/09/12 14:01:13.337] -    > {
   >   "jsonrpc": "2.0",
   >   "id": 9,
   >   "method": "eth_unsubscribe",
   >   "params": [
   >     "0x1"
   >   ]
   > }
[2019/09/12 14:01:13.340] - eth_unsubscribe
[2019/09/12 14:01:13.344] -    > {
   >   "jsonrpc": "2.0",
   >   "id": 10,
   >   "method": "eth_unsubscribe",
   >   "params": [
   >     "0x2"
   >   ]
   > }
[2019/09/12 14:01:13.347] -  <   {
 <     "id": 9,
 <     "jsonrpc": "2.0",
 <     "result": true
 <   }
[2019/09/12 14:01:13.350] -    > {
   >   "jsonrpc": "2.0",
   >   "method": "eth_unsubscribe",
   >   "params": [
   >     "0x2"
   >   ],
   >   "id": 1568293273350
   > }
[2019/09/12 14:01:13.351] -    > {
   >   "jsonrpc": "2.0",
   >   "method": "eth_unsubscribe",
   >   "params": [
   >     "0x3"
   >   ],
   >   "id": 1568293273351
   > }
[2019/09/12 14:01:13.355] -  <   {
 <     "id": 10,
 <     "jsonrpc": "2.0",
 <     "result": true
 <   }
[2019/09/12 14:01:13.364] -  <   {
 <     "id": 1568293273350,
 <     "jsonrpc": "2.0",
 <     "error": {
 <       "message": "Subscription ID 0x2 not found.",
 <       "code": -32000,
 <       "data": {
 <         "stack": "Error: Subscription ID 0x2 not found.\n    at SubscriptionSubprovider.eth_unsubscribe (C:\\Program Files\\WindowsApps\\Ganache_2.1.0.0_x64__zh355ej5cj694\\app\\resources\\app.asar\\node_modules\\ganache-core\\node_modules\\web3-provider-engine\\subproviders\\subscriptions.js:77:8)\n    at SubscriptionSubprovider.handleRequest (C:\\Program Files\\WindowsApps\\Ganache_2.1.0.0_x64__zh355ej5cj694\\app\\resources\\app.asar\\node_modules\\ganache-core\\node_modules\\web3-provider-engine\\subproviders\\subscriptions.js:133:12)\n    at next (C:\\Program Files\\WindowsApps\\Ganache_2.1.0.0_x64__zh355ej5cj694\\app\\resources\\app.asar\\node_modules\\ganache-core\\node_modules\\web3-provider-engine\\index.js:116:18)\n    at DelayedBlockFilter.handleRequest (C:\\Program Files\\WindowsApps\\Ganache_2.1.0.0_x64__zh355ej5cj694\\app\\resources\\app.asar\\node_modules\\ganache-core\\lib\\subproviders\\delayedblockfilter.js:31:3)\n    at next (C:\\Program Files\\WindowsApps\\Ganache_2.1.0.0_x64__zh355ej5cj694\\app\\resources\\app.asar\\node_modules\\ganache-core\\node_modules\\web3-provider-engine\\index.js:116:18)\n    at RequestFunnel.handleRequest (C:\\Program Files\\WindowsApps\\Ganache_2.1.0.0_x64__zh355ej5cj694\\app\\resources\\app.asar\\node_modules\\ganache-core\\lib\\subproviders\\requestfunnel.js:32:12)\n    at next (C:\\Program Files\\WindowsApps\\Ganache_2.1.0.0_x64__zh355ej5cj694\\app\\resources\\app.asar\\node_modules\\ganache-core\\node_modules\\web3-provider-engine\\index.js:116:18)\n    at Web3ProviderEngine._handleAsync (C:\\Program Files\\WindowsApps\\Ganache_2.1.0.0_x64__zh355ej5cj694\\app\\resources\\app.asar\\node_modules\\ganache-core\\node_modules\\web3-provider-engine\\index.js:103:3)\n    at Timeout._onTimeout (C:\\Program Files\\WindowsApps\\Ganache_2.1.0.0_x64__zh355ej5cj694\\app\\resources\\app.asar\\node_modules\\ganache-core\\node_modules\\web3-provider-engine\\index.js:87:12)\n    at ontimeout (timers.js:469:11)\n    at tryOnTimeout (timers.js:304:5)\n    at Timer.listOnTimeout (timers.js:264:5)",
 <         "name": "Error"
 <       }
 <     }
 <   }
[2019/09/12 14:01:13.371] -  <   {
 <     "id": 1568293273351,
 <     "jsonrpc": "2.0",
 <     "result": true
 <   }
[2019/09/12 14:01:21.411] - Warning: stopMining called when miner was already stopped
